2023-03-04 11:53:58.489  INFO 40046 --- [main] c.i.s.SchoolLog2Application              : Starting SchoolLog2Application using Java 17.0.4.1 on mx-darkstar with PID 40046 (/home/pedja/Documents/workspace-spring-tool-suite-4-4.16.1.RELEASE/school_log_2/target/classes started by pedja in /home/pedja/Documents/workspace-spring-tool-suite-4-4.16.1.RELEASE/school_log_2)
2023-03-04 11:53:58.496  INFO 40046 --- [main] c.i.s.SchoolLog2Application              : No active profile set, falling back to 1 default profile: "default"
2023-03-04 11:53:59.031  INFO 40046 --- [main] .s.d.r.c.RepositoryConfigurationDelegate : Bootstrapping Spring Data JPA repositories in DEFAULT mode.
2023-03-04 11:53:59.105  INFO 40046 --- [main] .s.d.r.c.RepositoryConfigurationDelegate : Finished Spring Data repository scanning in 63 ms. Found 14 JPA repository interfaces.
2023-03-04 11:53:59.614  INFO 40046 --- [main] o.s.b.w.e.t.TomcatWebServer              : Tomcat initialized with port(s): 8080 (http)
2023-03-04 11:53:59.633  INFO 40046 --- [main] o.a.c.c.StandardService                  : Starting service [Tomcat]
2023-03-04 11:53:59.634  INFO 40046 --- [main] o.a.c.c.StandardEngine                   : Starting Servlet engine: [Apache Tomcat/9.0.71]
2023-03-04 11:53:59.707  INFO 40046 --- [main] o.a.c.c.C.[.[.[/]                        : Initializing Spring embedded WebApplicationContext
2023-03-04 11:53:59.707  INFO 40046 --- [main] w.s.c.ServletWebServerApplicationContext : Root WebApplicationContext: initialization completed in 1174 ms
2023-03-04 11:54:00.108  INFO 40046 --- [main] c.z.h.HikariDataSource                   : HikariPool-1 - Starting...
2023-03-04 11:54:00.392  INFO 40046 --- [main] c.z.h.HikariDataSource                   : HikariPool-1 - Start completed.
2023-03-04 11:54:01.366  INFO 40046 --- [main] j.LocalContainerEntityManagerFactoryBean : Initialized JPA EntityManagerFactory for persistence unit 'default'
2023-03-04 11:54:02.083  WARN 40046 --- [main] .s.s.UserDetailsServiceAutoConfiguration : 

Using generated security password: 4414646a-7284-4595-ae1c-1f7b199b336d

This generated password is for development use only. Your security configuration must be updated before running your application in production.

2023-03-04 11:54:02.198  INFO 40046 --- [main] o.s.s.w.DefaultSecurityFilterChain       : Will secure any request with [org.springframework.security.web.session.DisableEncodeUrlFilter@4d86f330, org.springframework.security.web.context.request.async.WebAsyncManagerIntegrationFilter@1e8b0ab5, org.springframework.security.web.context.SecurityContextPersistenceFilter@66831b14, org.springframework.security.web.header.HeaderWriterFilter@7a8e484b, org.springframework.security.web.authentication.logout.LogoutFilter@6c4c32ff, com.iktpreobuka.schoollogtwo.config.JWTAuthorizationFilter@7ef34eb3, org.springframework.security.web.savedrequest.RequestCacheAwareFilter@3a641f6, org.springframework.security.web.servletapi.SecurityContextHolderAwareRequestFilter@66487713, org.springframework.security.web.authentication.AnonymousAuthenticationFilter@2719139f, org.springframework.security.web.session.SessionManagementFilter@650997b0, org.springframework.security.web.access.ExceptionTranslationFilter@6bbd4048, org.springframework.security.web.access.intercept.FilterSecurityInterceptor@4a84beb7]
2023-03-04 11:54:02.256  WARN 40046 --- [main] JpaBaseConfiguration$JpaWebConfiguration : spring.jpa.open-in-view is enabled by default. Therefore, database queries may be performed during view rendering. Explicitly configure spring.jpa.open-in-view to disable this warning
2023-03-04 11:54:02.637  INFO 40046 --- [main] o.s.b.w.e.t.TomcatWebServer              : Tomcat started on port(s): 8080 (http) with context path ''
2023-03-04 11:54:02.647  INFO 40046 --- [main] c.i.s.SchoolLog2Application              : Started SchoolLog2Application in 4.58 seconds (JVM running for 5.469)
2023-03-04 11:54:09.874  INFO 40046 --- [http-nio-8080-exec-1] o.a.c.c.C.[.[.[/]                        : Initializing Spring DispatcherServlet 'dispatcherServlet'
2023-03-04 11:54:09.874  INFO 40046 --- [http-nio-8080-exec-1] o.s.w.s.DispatcherServlet                : Initializing Servlet 'dispatcherServlet'
2023-03-04 11:54:09.875  INFO 40046 --- [http-nio-8080-exec-1] o.s.w.s.DispatcherServlet                : Completed initialization in 1 ms
2023-03-04 11:56:42.383  INFO 40397 --- [main] c.i.s.SchoolLog2Application              : Starting SchoolLog2Application using Java 17.0.4.1 on mx-darkstar with PID 40397 (/home/pedja/Documents/workspace-spring-tool-suite-4-4.16.1.RELEASE/school_log_2/target/classes started by pedja in /home/pedja/Documents/workspace-spring-tool-suite-4-4.16.1.RELEASE/school_log_2)
2023-03-04 11:56:42.390  INFO 40397 --- [main] c.i.s.SchoolLog2Application              : No active profile set, falling back to 1 default profile: "default"
2023-03-04 11:56:42.949  INFO 40397 --- [main] .s.d.r.c.RepositoryConfigurationDelegate : Bootstrapping Spring Data JPA repositories in DEFAULT mode.
2023-03-04 11:56:43.027  INFO 40397 --- [main] .s.d.r.c.RepositoryConfigurationDelegate : Finished Spring Data repository scanning in 70 ms. Found 14 JPA repository interfaces.
2023-03-04 11:56:43.535  INFO 40397 --- [main] o.s.b.w.e.t.TomcatWebServer              : Tomcat initialized with port(s): 8080 (http)
2023-03-04 11:56:43.550  INFO 40397 --- [main] o.a.c.c.StandardService                  : Starting service [Tomcat]
2023-03-04 11:56:43.550  INFO 40397 --- [main] o.a.c.c.StandardEngine                   : Starting Servlet engine: [Apache Tomcat/9.0.71]
2023-03-04 11:56:43.622  INFO 40397 --- [main] o.a.c.c.C.[.[.[/]                        : Initializing Spring embedded WebApplicationContext
2023-03-04 11:56:43.623  INFO 40397 --- [main] w.s.c.ServletWebServerApplicationContext : Root WebApplicationContext: initialization completed in 1194 ms
2023-03-04 11:56:44.018  INFO 40397 --- [main] c.z.h.HikariDataSource                   : HikariPool-1 - Starting...
2023-03-04 11:56:44.288  INFO 40397 --- [main] c.z.h.HikariDataSource                   : HikariPool-1 - Start completed.
2023-03-04 11:56:45.247  INFO 40397 --- [main] j.LocalContainerEntityManagerFactoryBean : Initialized JPA EntityManagerFactory for persistence unit 'default'
2023-03-04 11:56:45.966  WARN 40397 --- [main] .s.s.UserDetailsServiceAutoConfiguration : 

Using generated security password: 6123b17f-50d7-49d9-8f31-597cc0cebdb2

This generated password is for development use only. Your security configuration must be updated before running your application in production.

2023-03-04 11:56:46.081  INFO 40397 --- [main] o.s.s.w.DefaultSecurityFilterChain       : Will secure any request with [org.springframework.security.web.session.DisableEncodeUrlFilter@7ef34eb3, org.springframework.security.web.context.request.async.WebAsyncManagerIntegrationFilter@2719139f, org.springframework.security.web.context.SecurityContextPersistenceFilter@3a641f6, org.springframework.security.web.header.HeaderWriterFilter@65013d71, org.springframework.security.web.authentication.logout.LogoutFilter@5603632c, com.iktpreobuka.schoollogtwo.config.JWTAuthorizationFilter@5dfc7b3f, org.springframework.security.web.savedrequest.RequestCacheAwareFilter@18ed8b75, org.springframework.security.web.servletapi.SecurityContextHolderAwareRequestFilter@22ea09b7, org.springframework.security.web.authentication.AnonymousAuthenticationFilter@1b641c97, org.springframework.security.web.session.SessionManagementFilter@77e24d3c, org.springframework.security.web.access.ExceptionTranslationFilter@7a8e484b, org.springframework.security.web.access.intercept.FilterSecurityInterceptor@46c093b4]
2023-03-04 11:56:46.135  WARN 40397 --- [main] JpaBaseConfiguration$JpaWebConfiguration : spring.jpa.open-in-view is enabled by default. Therefore, database queries may be performed during view rendering. Explicitly configure spring.jpa.open-in-view to disable this warning
2023-03-04 11:56:46.517  INFO 40397 --- [main] o.s.b.w.e.t.TomcatWebServer              : Tomcat started on port(s): 8080 (http) with context path ''
2023-03-04 11:56:46.527  INFO 40397 --- [main] c.i.s.SchoolLog2Application              : Started SchoolLog2Application in 4.563 seconds (JVM running for 5.479)
2023-03-04 11:57:00.854  INFO 40397 --- [http-nio-8080-exec-2] o.a.c.c.C.[.[.[/]                        : Initializing Spring DispatcherServlet 'dispatcherServlet'
2023-03-04 11:57:00.855  INFO 40397 --- [http-nio-8080-exec-2] o.s.w.s.DispatcherServlet                : Initializing Servlet 'dispatcherServlet'
2023-03-04 11:57:00.856  INFO 40397 --- [http-nio-8080-exec-2] o.s.w.s.DispatcherServlet                : Completed initialization in 1 ms
2023-03-04 11:57:17.898  INFO 40397 --- [http-nio-8080-exec-3] c.i.s.c.UserController                   : This is an info message
2023-03-04 11:57:17.916  WARN 40397 --- [http-nio-8080-exec-3] c.i.s.c.UserController                   : This is a warn message
2023-03-04 11:57:17.917 ERROR 40397 --- [http-nio-8080-exec-3] c.i.s.c.UserController                   : This is an error message
2023-03-04 12:02:30.715  INFO 40397 --- [http-nio-8080-exec-6] c.i.s.c.UserController                   : This is an info message
2023-03-04 12:02:30.716  WARN 40397 --- [http-nio-8080-exec-6] c.i.s.c.UserController                   : This is a warn message
2023-03-04 12:02:30.716 ERROR 40397 --- [http-nio-8080-exec-6] c.i.s.c.UserController                   : This is an error message
2023-03-04 12:03:50.084  WARN 40397 --- [http-nio-8080-exec-9] o.s.s.c.b.BCryptPasswordEncoder          : Encoded password does not look like BCrypt
2023-03-04 12:08:24.040  INFO 41511 --- [main] c.i.s.SchoolLog2Application              : Starting SchoolLog2Application using Java 17.0.4.1 on mx-darkstar with PID 41511 (/home/pedja/Documents/workspace-spring-tool-suite-4-4.16.1.RELEASE/school_log_2/target/classes started by pedja in /home/pedja/Documents/workspace-spring-tool-suite-4-4.16.1.RELEASE/school_log_2)
2023-03-04 12:08:24.049  INFO 41511 --- [main] c.i.s.SchoolLog2Application              : No active profile set, falling back to 1 default profile: "default"
2023-03-04 12:08:24.588  INFO 41511 --- [main] .s.d.r.c.RepositoryConfigurationDelegate : Bootstrapping Spring Data JPA repositories in DEFAULT mode.
2023-03-04 12:08:24.672  INFO 41511 --- [main] .s.d.r.c.RepositoryConfigurationDelegate : Finished Spring Data repository scanning in 74 ms. Found 14 JPA repository interfaces.
2023-03-04 12:08:25.175  INFO 41511 --- [main] o.s.b.w.e.t.TomcatWebServer              : Tomcat initialized with port(s): 8080 (http)
2023-03-04 12:08:25.190  INFO 41511 --- [main] o.a.c.c.StandardService                  : Starting service [Tomcat]
2023-03-04 12:08:25.190  INFO 41511 --- [main] o.a.c.c.StandardEngine                   : Starting Servlet engine: [Apache Tomcat/9.0.71]
2023-03-04 12:08:25.266  INFO 41511 --- [main] o.a.c.c.C.[.[.[/]                        : Initializing Spring embedded WebApplicationContext
2023-03-04 12:08:25.266  INFO 41511 --- [main] w.s.c.ServletWebServerApplicationContext : Root WebApplicationContext: initialization completed in 1178 ms
2023-03-04 12:08:25.660  INFO 41511 --- [main] c.z.h.HikariDataSource                   : HikariPool-1 - Starting...
2023-03-04 12:08:25.945  INFO 41511 --- [main] c.z.h.HikariDataSource                   : HikariPool-1 - Start completed.
2023-03-04 12:08:26.895  INFO 41511 --- [main] j.LocalContainerEntityManagerFactoryBean : Initialized JPA EntityManagerFactory for persistence unit 'default'
2023-03-04 12:08:27.611  WARN 41511 --- [main] .s.s.UserDetailsServiceAutoConfiguration : 

Using generated security password: 3241dda0-43ab-43a4-9e8d-2f4c99f7c83f

This generated password is for development use only. Your security configuration must be updated before running your application in production.

2023-03-04 12:08:27.719  INFO 41511 --- [main] o.s.s.w.DefaultSecurityFilterChain       : Will secure any request with [org.springframework.security.web.session.DisableEncodeUrlFilter@1b641c97, org.springframework.security.web.context.request.async.WebAsyncManagerIntegrationFilter@7f065f9e, org.springframework.security.web.context.SecurityContextPersistenceFilter@22ea09b7, org.springframework.security.web.header.HeaderWriterFilter@20bf7206, org.springframework.security.web.authentication.logout.LogoutFilter@7305a443, com.iktpreobuka.schoollogtwo.config.JWTAuthorizationFilter@106c3e0a, org.springframework.security.web.savedrequest.RequestCacheAwareFilter@36a7586f, org.springframework.security.web.servletapi.SecurityContextHolderAwareRequestFilter@4265cbed, org.springframework.security.web.authentication.AnonymousAuthenticationFilter@2e778abb, org.springframework.security.web.session.SessionManagementFilter@3a641f6, org.springframework.security.web.access.ExceptionTranslationFilter@30a99b85, org.springframework.security.web.access.intercept.FilterSecurityInterceptor@40e41f88]
2023-03-04 12:08:27.780  WARN 41511 --- [main] JpaBaseConfiguration$JpaWebConfiguration : spring.jpa.open-in-view is enabled by default. Therefore, database queries may be performed during view rendering. Explicitly configure spring.jpa.open-in-view to disable this warning
2023-03-04 12:08:28.158  INFO 41511 --- [main] o.s.b.w.e.t.TomcatWebServer              : Tomcat started on port(s): 8080 (http) with context path ''
2023-03-04 12:08:28.168  INFO 41511 --- [main] c.i.s.SchoolLog2Application              : Started SchoolLog2Application in 4.554 seconds (JVM running for 5.47)
2023-03-04 12:08:42.573  INFO 41511 --- [http-nio-8080-exec-1] o.a.c.c.C.[.[.[/]                        : Initializing Spring DispatcherServlet 'dispatcherServlet'
2023-03-04 12:08:42.573  INFO 41511 --- [http-nio-8080-exec-1] o.s.w.s.DispatcherServlet                : Initializing Servlet 'dispatcherServlet'
2023-03-04 12:08:42.575  INFO 41511 --- [http-nio-8080-exec-1] o.s.w.s.DispatcherServlet                : Completed initialization in 1 ms
2023-03-04 12:09:06.938 ERROR 41511 --- [http-nio-8080-exec-3] o.a.c.c.C.[.[.[.[dispatcherServlet]      : Servlet.service() for servlet [dispatcherServlet] in context with path [] threw exception [Request processing failed; nested exception is java.lang.NullPointerException: Cannot invoke "com.iktpreobuka.schoollogtwo.entities.UserEntity.getUsername()" because "user" is null] with root cause

java.lang.NullPointerException: Cannot invoke "com.iktpreobuka.schoollogtwo.entities.UserEntity.getUsername()" because "user" is null
	at com.iktpreobuka.schoollogtwo.controllers.UserController.getAll(UserController.java:72) ~[classes/:?]
	at jdk.internal.reflect.NativeMethodAccessorImpl.invoke0(Native Method) ~[?:?]
	at jdk.internal.reflect.NativeMethodAccessorImpl.invoke(NativeMethodAccessorImpl.java:77) ~[?:?]
	at jdk.internal.reflect.DelegatingMethodAccessorImpl.invoke(DelegatingMethodAccessorImpl.java:43) ~[?:?]
	at java.lang.reflect.Method.invoke(Method.java:568) ~[?:?]
	at org.springframework.web.method.support.InvocableHandlerMethod.doInvoke(InvocableHandlerMethod.java:205) ~[spring-web-5.3.25.jar:5.3.25]
	at org.springframework.web.method.support.InvocableHandlerMethod.invokeForRequest(InvocableHandlerMethod.java:150) ~[spring-web-5.3.25.jar:5.3.25]
	at org.springframework.web.servlet.mvc.method.annotation.ServletInvocableHandlerMethod.invokeAndHandle(ServletInvocableHandlerMethod.java:117) ~[spring-webmvc-5.3.25.jar:5.3.25]
	at org.springframework.web.servlet.mvc.method.annotation.RequestMappingHandlerAdapter.invokeHandlerMethod(RequestMappingHandlerAdapter.java:895) ~[spring-webmvc-5.3.25.jar:5.3.25]
	at org.springframework.web.servlet.mvc.method.annotation.RequestMappingHandlerAdapter.handleInternal(RequestMappingHandlerAdapter.java:808) ~[spring-webmvc-5.3.25.jar:5.3.25]
	at org.springframework.web.servlet.mvc.method.AbstractHandlerMethodAdapter.handle(AbstractHandlerMethodAdapter.java:87) ~[spring-webmvc-5.3.25.jar:5.3.25]
	at org.springframework.web.servlet.DispatcherServlet.doDispatch(DispatcherServlet.java:1071) ~[spring-webmvc-5.3.25.jar:5.3.25]
	at org.springframework.web.servlet.DispatcherServlet.doService(DispatcherServlet.java:964) ~[spring-webmvc-5.3.25.jar:5.3.25]
	at org.springframework.web.servlet.FrameworkServlet.processRequest(FrameworkServlet.java:1006) ~[spring-webmvc-5.3.25.jar:5.3.25]
	at org.springframework.web.servlet.FrameworkServlet.doGet(FrameworkServlet.java:898) ~[spring-webmvc-5.3.25.jar:5.3.25]
	at javax.servlet.http.HttpServlet.service(HttpServlet.java:670) ~[tomcat-embed-core-9.0.71.jar:4.0.FR]
	at org.springframework.web.servlet.FrameworkServlet.service(FrameworkServlet.java:883) ~[spring-webmvc-5.3.25.jar:5.3.25]
	at javax.servlet.http.HttpServlet.service(HttpServlet.java:779) ~[tomcat-embed-core-9.0.71.jar:4.0.FR]
	at org.apache.catalina.core.ApplicationFilterChain.internalDoFilter(ApplicationFilterChain.java:227) ~[tomcat-embed-core-9.0.71.jar:9.0.71]
	at org.apache.catalina.core.ApplicationFilterChain.doFilter(ApplicationFilterChain.java:162) ~[tomcat-embed-core-9.0.71.jar:9.0.71]
	at org.apache.tomcat.websocket.server.WsFilter.doFilter(WsFilter.java:53) ~[tomcat-embed-websocket-9.0.71.jar:9.0.71]
	at org.apache.catalina.core.ApplicationFilterChain.internalDoFilter(ApplicationFilterChain.java:189) ~[tomcat-embed-core-9.0.71.jar:9.0.71]
	at org.apache.catalina.core.ApplicationFilterChain.doFilter(ApplicationFilterChain.java:162) ~[tomcat-embed-core-9.0.71.jar:9.0.71]
	at org.springframework.security.web.FilterChainProxy$VirtualFilterChain.doFilter(FilterChainProxy.java:337) ~[spring-security-web-5.7.6.jar:5.7.6]
	at org.springframework.security.web.access.intercept.FilterSecurityInterceptor.invoke(FilterSecurityInterceptor.java:115) ~[spring-security-web-5.7.6.jar:5.7.6]
	at org.springframework.security.web.access.intercept.FilterSecurityInterceptor.doFilter(FilterSecurityInterceptor.java:81) ~[spring-security-web-5.7.6.jar:5.7.6]
	at org.springframework.security.web.FilterChainProxy$VirtualFilterChain.doFilter(FilterChainProxy.java:346) ~[spring-security-web-5.7.6.jar:5.7.6]
	at org.springframework.security.web.access.ExceptionTranslationFilter.doFilter(ExceptionTranslationFilter.java:122) ~[spring-security-web-5.7.6.jar:5.7.6]
	at org.springframework.security.web.access.ExceptionTranslationFilter.doFilter(ExceptionTranslationFilter.java:116) ~[spring-security-web-5.7.6.jar:5.7.6]
	at org.springframework.security.web.FilterChainProxy$VirtualFilterChain.doFilter(FilterChainProxy.java:346) ~[spring-security-web-5.7.6.jar:5.7.6]
	at org.springframework.security.web.session.SessionManagementFilter.doFilter(SessionManagementFilter.java:126) ~[spring-security-web-5.7.6.jar:5.7.6]
	at org.springframework.security.web.session.SessionManagementFilter.doFilter(SessionManagementFilter.java:81) ~[spring-security-web-5.7.6.jar:5.7.6]
	at org.springframework.security.web.FilterChainProxy$VirtualFilterChain.doFilter(FilterChainProxy.java:346) ~[spring-security-web-5.7.6.jar:5.7.6]
	at org.springframework.security.web.authentication.AnonymousAuthenticationFilter.doFilter(AnonymousAuthenticationFilter.java:109) ~[spring-security-web-5.7.6.jar:5.7.6]
	at org.springframework.security.web.FilterChainProxy$VirtualFilterChain.doFilter(FilterChainProxy.java:346) ~[spring-security-web-5.7.6.jar:5.7.6]
	at org.springframework.security.web.servletapi.SecurityContextHolderAwareRequestFilter.doFilter(SecurityContextHolderAwareRequestFilter.java:149) ~[spring-security-web-5.7.6.jar:5.7.6]
	at org.springframework.security.web.FilterChainProxy$VirtualFilterChain.doFilter(FilterChainProxy.java:346) ~[spring-security-web-5.7.6.jar:5.7.6]
	at org.springframework.security.web.savedrequest.RequestCacheAwareFilter.doFilter(RequestCacheAwareFilter.java:63) ~[spring-security-web-5.7.6.jar:5.7.6]
	at org.springframework.security.web.FilterChainProxy$VirtualFilterChain.doFilter(FilterChainProxy.java:346) ~[spring-security-web-5.7.6.jar:5.7.6]
	at com.iktpreobuka.schoollogtwo.config.JWTAuthorizationFilter.doFilterInternal(JWTAuthorizationFilter.java:70) ~[classes/:?]
	at org.springframework.web.filter.OncePerRequestFilter.doFilter(OncePerRequestFilter.java:117) ~[spring-web-5.3.25.jar:5.3.25]
	at org.springframework.security.web.FilterChainProxy$VirtualFilterChain.doFilter(FilterChainProxy.java:346) ~[spring-security-web-5.7.6.jar:5.7.6]
	at org.springframework.security.web.authentication.logout.LogoutFilter.doFilter(LogoutFilter.java:103) ~[spring-security-web-5.7.6.jar:5.7.6]
	at org.springframework.security.web.authentication.logout.LogoutFilter.doFilter(LogoutFilter.java:89) ~[spring-security-web-5.7.6.jar:5.7.6]
	at org.springframework.security.web.FilterChainProxy$VirtualFilterChain.doFilter(FilterChainProxy.java:346) ~[spring-security-web-5.7.6.jar:5.7.6]
	at org.springframework.security.web.header.HeaderWriterFilter.doHeadersAfter(HeaderWriterFilter.java:90) ~[spring-security-web-5.7.6.jar:5.7.6]
	at org.springframework.security.web.header.HeaderWriterFilter.doFilterInternal(HeaderWriterFilter.java:75) ~[spring-security-web-5.7.6.jar:5.7.6]
	at org.springframework.web.filter.OncePerRequestFilter.doFilter(OncePerRequestFilter.java:117) ~[spring-web-5.3.25.jar:5.3.25]
	at org.springframework.security.web.FilterChainProxy$VirtualFilterChain.doFilter(FilterChainProxy.java:346) ~[spring-security-web-5.7.6.jar:5.7.6]
	at org.springframework.security.web.context.SecurityContextPersistenceFilter.doFilter(SecurityContextPersistenceFilter.java:112) ~[spring-security-web-5.7.6.jar:5.7.6]
	at org.springframework.security.web.context.SecurityContextPersistenceFilter.doFilter(SecurityContextPersistenceFilter.java:82) ~[spring-security-web-5.7.6.jar:5.7.6]
	at org.springframework.security.web.FilterChainProxy$VirtualFilterChain.doFilter(FilterChainProxy.java:346) ~[spring-security-web-5.7.6.jar:5.7.6]
	at org.springframework.security.web.context.request.async.WebAsyncManagerIntegrationFilter.doFilterInternal(WebAsyncManagerIntegrationFilter.java:55) ~[spring-security-web-5.7.6.jar:5.7.6]
	at org.springframework.web.filter.OncePerRequestFilter.doFilter(OncePerRequestFilter.java:117) ~[spring-web-5.3.25.jar:5.3.25]
	at org.springframework.security.web.FilterChainProxy$VirtualFilterChain.doFilter(FilterChainProxy.java:346) ~[spring-security-web-5.7.6.jar:5.7.6]
	at org.springframework.security.web.session.DisableEncodeUrlFilter.doFilterInternal(DisableEncodeUrlFilter.java:42) ~[spring-security-web-5.7.6.jar:5.7.6]
	at org.springframework.web.filter.OncePerRequestFilter.doFilter(OncePerRequestFilter.java:117) ~[spring-web-5.3.25.jar:5.3.25]
	at org.springframework.security.web.FilterChainProxy$VirtualFilterChain.doFilter(FilterChainProxy.java:346) ~[spring-security-web-5.7.6.jar:5.7.6]
	at org.springframework.security.web.FilterChainProxy.doFilterInternal(FilterChainProxy.java:221) ~[spring-security-web-5.7.6.jar:5.7.6]
	at org.springframework.security.web.FilterChainProxy.doFilter(FilterChainProxy.java:186) ~[spring-security-web-5.7.6.jar:5.7.6]
	at org.springframework.web.filter.DelegatingFilterProxy.invokeDelegate(DelegatingFilterProxy.java:354) ~[spring-web-5.3.25.jar:5.3.25]
	at org.springframework.web.filter.DelegatingFilterProxy.doFilter(DelegatingFilterProxy.java:267) ~[spring-web-5.3.25.jar:5.3.25]
	at org.apache.catalina.core.ApplicationFilterChain.internalDoFilter(ApplicationFilterChain.java:189) ~[tomcat-embed-core-9.0.71.jar:9.0.71]
	at org.apache.catalina.core.ApplicationFilterChain.doFilter(ApplicationFilterChain.java:162) ~[tomcat-embed-core-9.0.71.jar:9.0.71]
	at org.springframework.web.filter.RequestContextFilter.doFilterInternal(RequestContextFilter.java:100) ~[spring-web-5.3.25.jar:5.3.25]
	at org.springframework.web.filter.OncePerRequestFilter.doFilter(OncePerRequestFilter.java:117) ~[spring-web-5.3.25.jar:5.3.25]
	at org.apache.catalina.core.ApplicationFilterChain.internalDoFilter(ApplicationFilterChain.java:189) ~[tomcat-embed-core-9.0.71.jar:9.0.71]
	at org.apache.catalina.core.ApplicationFilterChain.doFilter(ApplicationFilterChain.java:162) ~[tomcat-embed-core-9.0.71.jar:9.0.71]
	at org.springframework.web.filter.FormContentFilter.doFilterInternal(FormContentFilter.java:93) ~[spring-web-5.3.25.jar:5.3.25]
	at org.springframework.web.filter.OncePerRequestFilter.doFilter(OncePerRequestFilter.java:117) ~[spring-web-5.3.25.jar:5.3.25]
	at org.apache.catalina.core.ApplicationFilterChain.internalDoFilter(ApplicationFilterChain.java:189) ~[tomcat-embed-core-9.0.71.jar:9.0.71]
	at org.apache.catalina.core.ApplicationFilterChain.doFilter(ApplicationFilterChain.java:162) ~[tomcat-embed-core-9.0.71.jar:9.0.71]
	at org.springframework.web.filter.CharacterEncodingFilter.doFilterInternal(CharacterEncodingFilter.java:201) ~[spring-web-5.3.25.jar:5.3.25]
	at org.springframework.web.filter.OncePerRequestFilter.doFilter(OncePerRequestFilter.java:117) ~[spring-web-5.3.25.jar:5.3.25]
	at org.apache.catalina.core.ApplicationFilterChain.internalDoFilter(ApplicationFilterChain.java:189) ~[tomcat-embed-core-9.0.71.jar:9.0.71]
	at org.apache.catalina.core.ApplicationFilterChain.doFilter(ApplicationFilterChain.java:162) ~[tomcat-embed-core-9.0.71.jar:9.0.71]
	at org.apache.catalina.core.StandardWrapperValve.invoke(StandardWrapperValve.java:177) ~[tomcat-embed-core-9.0.71.jar:9.0.71]
	at org.apache.catalina.core.StandardContextValve.invoke(StandardContextValve.java:97) ~[tomcat-embed-core-9.0.71.jar:9.0.71]
	at org.apache.catalina.authenticator.AuthenticatorBase.invoke(AuthenticatorBase.java:541) ~[tomcat-embed-core-9.0.71.jar:9.0.71]
	at org.apache.catalina.core.StandardHostValve.invoke(StandardHostValve.java:135) ~[tomcat-embed-core-9.0.71.jar:9.0.71]
	at org.apache.catalina.valves.ErrorReportValve.invoke(ErrorReportValve.java:92) ~[tomcat-embed-core-9.0.71.jar:9.0.71]
	at org.apache.catalina.core.StandardEngineValve.invoke(StandardEngineValve.java:78) ~[tomcat-embed-core-9.0.71.jar:9.0.71]
	at org.apache.catalina.connector.CoyoteAdapter.service(CoyoteAdapter.java:360) ~[tomcat-embed-core-9.0.71.jar:9.0.71]
	at org.apache.coyote.http11.Http11Processor.service(Http11Processor.java:399) ~[tomcat-embed-core-9.0.71.jar:9.0.71]
	at org.apache.coyote.AbstractProcessorLight.process(AbstractProcessorLight.java:65) ~[tomcat-embed-core-9.0.71.jar:9.0.71]
	at org.apache.coyote.AbstractProtocol$ConnectionHandler.process(AbstractProtocol.java:891) ~[tomcat-embed-core-9.0.71.jar:9.0.71]
	at org.apache.tomcat.util.net.NioEndpoint$SocketProcessor.doRun(NioEndpoint.java:1784) ~[tomcat-embed-core-9.0.71.jar:9.0.71]
	at org.apache.tomcat.util.net.SocketProcessorBase.run(SocketProcessorBase.java:49) ~[tomcat-embed-core-9.0.71.jar:9.0.71]
	at org.apache.tomcat.util.threads.ThreadPoolExecutor.runWorker(ThreadPoolExecutor.java:1191) ~[tomcat-embed-core-9.0.71.jar:9.0.71]
	at org.apache.tomcat.util.threads.ThreadPoolExecutor$Worker.run(ThreadPoolExecutor.java:659) ~[tomcat-embed-core-9.0.71.jar:9.0.71]
	at org.apache.tomcat.util.threads.TaskThread$WrappingRunnable.run(TaskThread.java:61) ~[tomcat-embed-core-9.0.71.jar:9.0.71]
	at java.lang.Thread.run(Thread.java:833) ~[?:?]

2023-03-04 12:15:38.091  INFO 42651 --- [main] c.i.s.SchoolLog2Application              : Starting SchoolLog2Application using Java 17.0.4.1 on mx-darkstar with PID 42651 (/home/pedja/Documents/workspace-spring-tool-suite-4-4.16.1.RELEASE/school_log_2/target/classes started by pedja in /home/pedja/Documents/workspace-spring-tool-suite-4-4.16.1.RELEASE/school_log_2)
2023-03-04 12:15:38.098  INFO 42651 --- [main] c.i.s.SchoolLog2Application              : No active profile set, falling back to 1 default profile: "default"
2023-03-04 12:15:38.657  INFO 42651 --- [main] .s.d.r.c.RepositoryConfigurationDelegate : Bootstrapping Spring Data JPA repositories in DEFAULT mode.
2023-03-04 12:15:38.743  INFO 42651 --- [main] .s.d.r.c.RepositoryConfigurationDelegate : Finished Spring Data repository scanning in 79 ms. Found 14 JPA repository interfaces.
2023-03-04 12:15:39.251  INFO 42651 --- [main] o.s.b.w.e.t.TomcatWebServer              : Tomcat initialized with port(s): 8080 (http)
2023-03-04 12:15:39.266  INFO 42651 --- [main] o.a.c.c.StandardService                  : Starting service [Tomcat]
2023-03-04 12:15:39.266  INFO 42651 --- [main] o.a.c.c.StandardEngine                   : Starting Servlet engine: [Apache Tomcat/9.0.71]
2023-03-04 12:15:39.338  INFO 42651 --- [main] o.a.c.c.C.[.[.[/]                        : Initializing Spring embedded WebApplicationContext
2023-03-04 12:15:39.339  INFO 42651 --- [main] w.s.c.ServletWebServerApplicationContext : Root WebApplicationContext: initialization completed in 1208 ms
2023-03-04 12:15:39.734  INFO 42651 --- [main] c.z.h.HikariDataSource                   : HikariPool-1 - Starting...
2023-03-04 12:15:40.014  INFO 42651 --- [main] c.z.h.HikariDataSource                   : HikariPool-1 - Start completed.
2023-03-04 12:15:41.009  INFO 42651 --- [main] j.LocalContainerEntityManagerFactoryBean : Initialized JPA EntityManagerFactory for persistence unit 'default'
2023-03-04 12:15:41.729  WARN 42651 --- [main] .s.s.UserDetailsServiceAutoConfiguration : 

Using generated security password: 6f28c8e3-5230-4e9a-9910-f3d27a36fddb

This generated password is for development use only. Your security configuration must be updated before running your application in production.

2023-03-04 12:15:41.834  INFO 42651 --- [main] o.s.s.w.DefaultSecurityFilterChain       : Will secure any request with [org.springframework.security.web.session.DisableEncodeUrlFilter@5dfc7b3f, org.springframework.security.web.context.request.async.WebAsyncManagerIntegrationFilter@1b641c97, org.springframework.security.web.context.SecurityContextPersistenceFilter@18ed8b75, org.springframework.security.web.header.HeaderWriterFilter@386d41cb, org.springframework.security.web.authentication.logout.LogoutFilter@7bbe5548, com.iktpreobuka.schoollogtwo.config.JWTAuthorizationFilter@7f065f9e, org.springframework.security.web.savedrequest.RequestCacheAwareFilter@13f255ed, org.springframework.security.web.servletapi.SecurityContextHolderAwareRequestFilter@36a7586f, org.springframework.security.web.authentication.AnonymousAuthenticationFilter@106c3e0a, org.springframework.security.web.session.SessionManagementFilter@4f1ea463, org.springframework.security.web.access.ExceptionTranslationFilter@65013d71, org.springframework.security.web.access.intercept.FilterSecurityInterceptor@20ee660b]
2023-03-04 12:15:41.886  WARN 42651 --- [main] JpaBaseConfiguration$JpaWebConfiguration : spring.jpa.open-in-view is enabled by default. Therefore, database queries may be performed during view rendering. Explicitly configure spring.jpa.open-in-view to disable this warning
2023-03-04 12:15:42.253  INFO 42651 --- [main] o.s.b.w.e.t.TomcatWebServer              : Tomcat started on port(s): 8080 (http) with context path ''
2023-03-04 12:15:42.264  INFO 42651 --- [main] c.i.s.SchoolLog2Application              : Started SchoolLog2Application in 4.574 seconds (JVM running for 5.532)
2023-03-04 12:15:51.444  INFO 42651 --- [http-nio-8080-exec-1] o.a.c.c.C.[.[.[/]                        : Initializing Spring DispatcherServlet 'dispatcherServlet'
2023-03-04 12:15:51.445  INFO 42651 --- [http-nio-8080-exec-1] o.s.w.s.DispatcherServlet                : Initializing Servlet 'dispatcherServlet'
2023-03-04 12:15:51.446  INFO 42651 --- [http-nio-8080-exec-1] o.s.w.s.DispatcherServlet                : Completed initialization in 1 ms
2023-03-04 12:16:06.401  INFO 42651 --- [http-nio-8080-exec-3] c.i.s.c.UserController                   : Requeste by julija
2023-03-04 12:22:41.869  INFO 43554 --- [main] c.i.s.SchoolLog2Application              : Starting SchoolLog2Application using Java 17.0.4.1 on mx-darkstar with PID 43554 (/home/pedja/Documents/workspace-spring-tool-suite-4-4.16.1.RELEASE/school_log_2/target/classes started by pedja in /home/pedja/Documents/workspace-spring-tool-suite-4-4.16.1.RELEASE/school_log_2)
2023-03-04 12:22:41.878  INFO 43554 --- [main] c.i.s.SchoolLog2Application              : No active profile set, falling back to 1 default profile: "default"
2023-03-04 12:22:42.505  INFO 43554 --- [main] .s.d.r.c.RepositoryConfigurationDelegate : Bootstrapping Spring Data JPA repositories in DEFAULT mode.
2023-03-04 12:22:42.588  INFO 43554 --- [main] .s.d.r.c.RepositoryConfigurationDelegate : Finished Spring Data repository scanning in 74 ms. Found 14 JPA repository interfaces.
2023-03-04 12:22:43.115  INFO 43554 --- [main] o.s.b.w.e.t.TomcatWebServer              : Tomcat initialized with port(s): 8080 (http)
2023-03-04 12:22:43.130  INFO 43554 --- [main] o.a.c.c.StandardService                  : Starting service [Tomcat]
2023-03-04 12:22:43.131  INFO 43554 --- [main] o.a.c.c.StandardEngine                   : Starting Servlet engine: [Apache Tomcat/9.0.71]
2023-03-04 12:22:43.207  INFO 43554 --- [main] o.a.c.c.C.[.[.[/]                        : Initializing Spring embedded WebApplicationContext
2023-03-04 12:22:43.207  INFO 43554 --- [main] w.s.c.ServletWebServerApplicationContext : Root WebApplicationContext: initialization completed in 1287 ms
2023-03-04 12:22:43.633  INFO 43554 --- [main] c.z.h.HikariDataSource                   : HikariPool-1 - Starting...
2023-03-04 12:22:43.929  INFO 43554 --- [main] c.z.h.HikariDataSource                   : HikariPool-1 - Start completed.
2023-03-04 12:22:44.925  INFO 43554 --- [main] j.LocalContainerEntityManagerFactoryBean : Initialized JPA EntityManagerFactory for persistence unit 'default'
2023-03-04 12:22:45.697  WARN 43554 --- [main] .s.s.UserDetailsServiceAutoConfiguration : 

Using generated security password: 507c828d-b27d-46b8-9dd9-c4931314a03d

This generated password is for development use only. Your security configuration must be updated before running your application in production.

2023-03-04 12:22:45.816  INFO 43554 --- [main] o.s.s.w.DefaultSecurityFilterChain       : Will secure any request with [org.springframework.security.web.session.DisableEncodeUrlFilter@106c3e0a, org.springframework.security.web.context.request.async.WebAsyncManagerIntegrationFilter@2e778abb, org.springframework.security.web.context.SecurityContextPersistenceFilter@36a7586f, org.springframework.security.web.header.HeaderWriterFilter@30b0f674, org.springframework.security.web.authentication.logout.LogoutFilter@adbc3bc, com.iktpreobuka.schoollogtwo.config.JWTAuthorizationFilter@154cbb46, org.springframework.security.web.savedrequest.RequestCacheAwareFilter@30b0d5a7, org.springframework.security.web.servletapi.SecurityContextHolderAwareRequestFilter@31ecb361, org.springframework.security.web.authentication.AnonymousAuthenticationFilter@58fbecde, org.springframework.security.web.session.SessionManagementFilter@18ed8b75, org.springframework.security.web.access.ExceptionTranslationFilter@20bf7206, org.springframework.security.web.access.intercept.FilterSecurityInterceptor@4d86f330]
2023-03-04 12:22:45.876  WARN 43554 --- [main] JpaBaseConfiguration$JpaWebConfiguration : spring.jpa.open-in-view is enabled by default. Therefore, database queries may be performed during view rendering. Explicitly configure spring.jpa.open-in-view to disable this warning
2023-03-04 12:22:46.288  INFO 43554 --- [main] o.s.b.w.e.t.TomcatWebServer              : Tomcat started on port(s): 8080 (http) with context path ''
2023-03-04 12:22:46.299  INFO 43554 --- [main] c.i.s.SchoolLog2Application              : Started SchoolLog2Application in 4.867 seconds (JVM running for 5.814)
2023-03-04 12:26:09.459  INFO 43953 --- [main] c.i.s.SchoolLog2Application              : Starting SchoolLog2Application using Java 17.0.4.1 on mx-darkstar with PID 43953 (/home/pedja/Documents/workspace-spring-tool-suite-4-4.16.1.RELEASE/school_log_2/target/classes started by pedja in /home/pedja/Documents/workspace-spring-tool-suite-4-4.16.1.RELEASE/school_log_2)
2023-03-04 12:26:09.466  INFO 43953 --- [main] c.i.s.SchoolLog2Application              : No active profile set, falling back to 1 default profile: "default"
2023-03-04 12:26:10.026  INFO 43953 --- [main] .s.d.r.c.RepositoryConfigurationDelegate : Bootstrapping Spring Data JPA repositories in DEFAULT mode.
2023-03-04 12:26:10.110  INFO 43953 --- [main] .s.d.r.c.RepositoryConfigurationDelegate : Finished Spring Data repository scanning in 75 ms. Found 14 JPA repository interfaces.
2023-03-04 12:26:10.618  INFO 43953 --- [main] o.s.b.w.e.t.TomcatWebServer              : Tomcat initialized with port(s): 8080 (http)
2023-03-04 12:26:10.633  INFO 43953 --- [main] o.a.c.c.StandardService                  : Starting service [Tomcat]
2023-03-04 12:26:10.634  INFO 43953 --- [main] o.a.c.c.StandardEngine                   : Starting Servlet engine: [Apache Tomcat/9.0.71]
2023-03-04 12:26:10.709  INFO 43953 --- [main] o.a.c.c.C.[.[.[/]                        : Initializing Spring embedded WebApplicationContext
2023-03-04 12:26:10.709  INFO 43953 --- [main] w.s.c.ServletWebServerApplicationContext : Root WebApplicationContext: initialization completed in 1206 ms
2023-03-04 12:26:11.133  INFO 43953 --- [main] c.z.h.HikariDataSource                   : HikariPool-1 - Starting...
2023-03-04 12:26:11.417  INFO 43953 --- [main] c.z.h.HikariDataSource                   : HikariPool-1 - Start completed.
2023-03-04 12:26:12.434  INFO 43953 --- [main] j.LocalContainerEntityManagerFactoryBean : Initialized JPA EntityManagerFactory for persistence unit 'default'
2023-03-04 12:26:13.188  WARN 43953 --- [main] .s.s.UserDetailsServiceAutoConfiguration : 

Using generated security password: 105a9f5a-3e7e-4232-82dd-035453b756cc

This generated password is for development use only. Your security configuration must be updated before running your application in production.

2023-03-04 12:26:13.303  INFO 43953 --- [main] o.s.s.w.DefaultSecurityFilterChain       : Will secure any request with [org.springframework.security.web.session.DisableEncodeUrlFilter@154cbb46, org.springframework.security.web.context.request.async.WebAsyncManagerIntegrationFilter@58fbecde, org.springframework.security.web.context.SecurityContextPersistenceFilter@30b0d5a7, org.springframework.security.web.header.HeaderWriterFilter@39f5eba4, org.springframework.security.web.authentication.logout.LogoutFilter@5d3f583d, com.iktpreobuka.schoollogtwo.config.JWTAuthorizationFilter@299615a5, org.springframework.security.web.savedrequest.RequestCacheAwareFilter@3d84f113, org.springframework.security.web.servletapi.SecurityContextHolderAwareRequestFilter@51d26fed, org.springframework.security.web.authentication.AnonymousAuthenticationFilter@3ba6707e, org.springframework.security.web.session.SessionManagementFilter@13f255ed, org.springframework.security.web.access.ExceptionTranslationFilter@30b0f674, org.springframework.security.web.access.intercept.FilterSecurityInterceptor@7ef34eb3]
2023-03-04 12:26:13.356  WARN 43953 --- [main] JpaBaseConfiguration$JpaWebConfiguration : spring.jpa.open-in-view is enabled by default. Therefore, database queries may be performed during view rendering. Explicitly configure spring.jpa.open-in-view to disable this warning
2023-03-04 12:26:13.749  INFO 43953 --- [main] o.s.b.w.e.t.TomcatWebServer              : Tomcat started on port(s): 8080 (http) with context path ''
2023-03-04 12:26:13.758  INFO 43953 --- [main] c.i.s.SchoolLog2Application              : Started SchoolLog2Application in 4.732 seconds (JVM running for 5.663)
2023-03-04 12:26:21.174  INFO 43953 --- [http-nio-8080-exec-2] o.a.c.c.C.[.[.[/]                        : Initializing Spring DispatcherServlet 'dispatcherServlet'
2023-03-04 12:26:21.175  INFO 43953 --- [http-nio-8080-exec-2] o.s.w.s.DispatcherServlet                : Initializing Servlet 'dispatcherServlet'
2023-03-04 12:26:21.177  INFO 43953 --- [http-nio-8080-exec-2] o.s.w.s.DispatcherServlet                : Completed initialization in 2 ms
2023-03-04 12:26:21.228 ERROR 43953 --- [http-nio-8080-exec-2] o.a.c.c.C.[.[.[.[dispatcherServlet]      : Servlet.service() for servlet [dispatcherServlet] in context with path [] threw exception [Request processing failed; nested exception is java.lang.NullPointerException: Cannot invoke "java.security.Principal.getName()" because "p" is null] with root cause

java.lang.NullPointerException: Cannot invoke "java.security.Principal.getName()" because "p" is null
	at com.iktpreobuka.schoollogtwo.controllers.UserController.login(UserController.java:64) ~[classes/:?]
	at jdk.internal.reflect.NativeMethodAccessorImpl.invoke0(Native Method) ~[?:?]
	at jdk.internal.reflect.NativeMethodAccessorImpl.invoke(NativeMethodAccessorImpl.java:77) ~[?:?]
	at jdk.internal.reflect.DelegatingMethodAccessorImpl.invoke(DelegatingMethodAccessorImpl.java:43) ~[?:?]
	at java.lang.reflect.Method.invoke(Method.java:568) ~[?:?]
	at org.springframework.web.method.support.InvocableHandlerMethod.doInvoke(InvocableHandlerMethod.java:205) ~[spring-web-5.3.25.jar:5.3.25]
	at org.springframework.web.method.support.InvocableHandlerMethod.invokeForRequest(InvocableHandlerMethod.java:150) ~[spring-web-5.3.25.jar:5.3.25]
	at org.springframework.web.servlet.mvc.method.annotation.ServletInvocableHandlerMethod.invokeAndHandle(ServletInvocableHandlerMethod.java:117) ~[spring-webmvc-5.3.25.jar:5.3.25]
	at org.springframework.web.servlet.mvc.method.annotation.RequestMappingHandlerAdapter.invokeHandlerMethod(RequestMappingHandlerAdapter.java:895) ~[spring-webmvc-5.3.25.jar:5.3.25]
	at org.springframework.web.servlet.mvc.method.annotation.RequestMappingHandlerAdapter.handleInternal(RequestMappingHandlerAdapter.java:808) ~[spring-webmvc-5.3.25.jar:5.3.25]
	at org.springframework.web.servlet.mvc.method.AbstractHandlerMethodAdapter.handle(AbstractHandlerMethodAdapter.java:87) ~[spring-webmvc-5.3.25.jar:5.3.25]
	at org.springframework.web.servlet.DispatcherServlet.doDispatch(DispatcherServlet.java:1071) ~[spring-webmvc-5.3.25.jar:5.3.25]
	at org.springframework.web.servlet.DispatcherServlet.doService(DispatcherServlet.java:964) ~[spring-webmvc-5.3.25.jar:5.3.25]
	at org.springframework.web.servlet.FrameworkServlet.processRequest(FrameworkServlet.java:1006) ~[spring-webmvc-5.3.25.jar:5.3.25]
	at org.springframework.web.servlet.FrameworkServlet.doPost(FrameworkServlet.java:909) ~[spring-webmvc-5.3.25.jar:5.3.25]
	at javax.servlet.http.HttpServlet.service(HttpServlet.java:696) ~[tomcat-embed-core-9.0.71.jar:4.0.FR]
	at org.springframework.web.servlet.FrameworkServlet.service(FrameworkServlet.java:883) ~[spring-webmvc-5.3.25.jar:5.3.25]
	at javax.servlet.http.HttpServlet.service(HttpServlet.java:779) ~[tomcat-embed-core-9.0.71.jar:4.0.FR]
	at org.apache.catalina.core.ApplicationFilterChain.internalDoFilter(ApplicationFilterChain.java:227) ~[tomcat-embed-core-9.0.71.jar:9.0.71]
	at org.apache.catalina.core.ApplicationFilterChain.doFilter(ApplicationFilterChain.java:162) ~[tomcat-embed-core-9.0.71.jar:9.0.71]
	at org.apache.tomcat.websocket.server.WsFilter.doFilter(WsFilter.java:53) ~[tomcat-embed-websocket-9.0.71.jar:9.0.71]
	at org.apache.catalina.core.ApplicationFilterChain.internalDoFilter(ApplicationFilterChain.java:189) ~[tomcat-embed-core-9.0.71.jar:9.0.71]
	at org.apache.catalina.core.ApplicationFilterChain.doFilter(ApplicationFilterChain.java:162) ~[tomcat-embed-core-9.0.71.jar:9.0.71]
	at org.springframework.security.web.FilterChainProxy$VirtualFilterChain.doFilter(FilterChainProxy.java:337) ~[spring-security-web-5.7.6.jar:5.7.6]
	at org.springframework.security.web.access.intercept.FilterSecurityInterceptor.invoke(FilterSecurityInterceptor.java:115) ~[spring-security-web-5.7.6.jar:5.7.6]
	at org.springframework.security.web.access.intercept.FilterSecurityInterceptor.doFilter(FilterSecurityInterceptor.java:81) ~[spring-security-web-5.7.6.jar:5.7.6]
	at org.springframework.security.web.FilterChainProxy$VirtualFilterChain.doFilter(FilterChainProxy.java:346) ~[spring-security-web-5.7.6.jar:5.7.6]
	at org.springframework.security.web.access.ExceptionTranslationFilter.doFilter(ExceptionTranslationFilter.java:122) ~[spring-security-web-5.7.6.jar:5.7.6]
	at org.springframework.security.web.access.ExceptionTranslationFilter.doFilter(ExceptionTranslationFilter.java:116) ~[spring-security-web-5.7.6.jar:5.7.6]
	at org.springframework.security.web.FilterChainProxy$VirtualFilterChain.doFilter(FilterChainProxy.java:346) ~[spring-security-web-5.7.6.jar:5.7.6]
	at org.springframework.security.web.session.SessionManagementFilter.doFilter(SessionManagementFilter.java:126) ~[spring-security-web-5.7.6.jar:5.7.6]
	at org.springframework.security.web.session.SessionManagementFilter.doFilter(SessionManagementFilter.java:81) ~[spring-security-web-5.7.6.jar:5.7.6]
	at org.springframework.security.web.FilterChainProxy$VirtualFilterChain.doFilter(FilterChainProxy.java:346) ~[spring-security-web-5.7.6.jar:5.7.6]
	at org.springframework.security.web.authentication.AnonymousAuthenticationFilter.doFilter(AnonymousAuthenticationFilter.java:109) ~[spring-security-web-5.7.6.jar:5.7.6]
	at org.springframework.security.web.FilterChainProxy$VirtualFilterChain.doFilter(FilterChainProxy.java:346) ~[spring-security-web-5.7.6.jar:5.7.6]
	at org.springframework.security.web.servletapi.SecurityContextHolderAwareRequestFilter.doFilter(SecurityContextHolderAwareRequestFilter.java:149) ~[spring-security-web-5.7.6.jar:5.7.6]
	at org.springframework.security.web.FilterChainProxy$VirtualFilterChain.doFilter(FilterChainProxy.java:346) ~[spring-security-web-5.7.6.jar:5.7.6]
	at org.springframework.security.web.savedrequest.RequestCacheAwareFilter.doFilter(RequestCacheAwareFilter.java:63) ~[spring-security-web-5.7.6.jar:5.7.6]
	at org.springframework.security.web.FilterChainProxy$VirtualFilterChain.doFilter(FilterChainProxy.java:346) ~[spring-security-web-5.7.6.jar:5.7.6]
	at com.iktpreobuka.schoollogtwo.config.JWTAuthorizationFilter.doFilterInternal(JWTAuthorizationFilter.java:70) ~[classes/:?]
	at org.springframework.web.filter.OncePerRequestFilter.doFilter(OncePerRequestFilter.java:117) ~[spring-web-5.3.25.jar:5.3.25]
	at org.springframework.security.web.FilterChainProxy$VirtualFilterChain.doFilter(FilterChainProxy.java:346) ~[spring-security-web-5.7.6.jar:5.7.6]
	at org.springframework.security.web.authentication.logout.LogoutFilter.doFilter(LogoutFilter.java:103) ~[spring-security-web-5.7.6.jar:5.7.6]
	at org.springframework.security.web.authentication.logout.LogoutFilter.doFilter(LogoutFilter.java:89) ~[spring-security-web-5.7.6.jar:5.7.6]
	at org.springframework.security.web.FilterChainProxy$VirtualFilterChain.doFilter(FilterChainProxy.java:346) ~[spring-security-web-5.7.6.jar:5.7.6]
	at org.springframework.security.web.header.HeaderWriterFilter.doHeadersAfter(HeaderWriterFilter.java:90) ~[spring-security-web-5.7.6.jar:5.7.6]
	at org.springframework.security.web.header.HeaderWriterFilter.doFilterInternal(HeaderWriterFilter.java:75) ~[spring-security-web-5.7.6.jar:5.7.6]
	at org.springframework.web.filter.OncePerRequestFilter.doFilter(OncePerRequestFilter.java:117) ~[spring-web-5.3.25.jar:5.3.25]
	at org.springframework.security.web.FilterChainProxy$VirtualFilterChain.doFilter(FilterChainProxy.java:346) ~[spring-security-web-5.7.6.jar:5.7.6]
	at org.springframework.security.web.context.SecurityContextPersistenceFilter.doFilter(SecurityContextPersistenceFilter.java:112) ~[spring-security-web-5.7.6.jar:5.7.6]
	at org.springframework.security.web.context.SecurityContextPersistenceFilter.doFilter(SecurityContextPersistenceFilter.java:82) ~[spring-security-web-5.7.6.jar:5.7.6]
	at org.springframework.security.web.FilterChainProxy$VirtualFilterChain.doFilter(FilterChainProxy.java:346) ~[spring-security-web-5.7.6.jar:5.7.6]
	at org.springframework.security.web.context.request.async.WebAsyncManagerIntegrationFilter.doFilterInternal(WebAsyncManagerIntegrationFilter.java:55) ~[spring-security-web-5.7.6.jar:5.7.6]
	at org.springframework.web.filter.OncePerRequestFilter.doFilter(OncePerRequestFilter.java:117) ~[spring-web-5.3.25.jar:5.3.25]
	at org.springframework.security.web.FilterChainProxy$VirtualFilterChain.doFilter(FilterChainProxy.java:346) ~[spring-security-web-5.7.6.jar:5.7.6]
	at org.springframework.security.web.session.DisableEncodeUrlFilter.doFilterInternal(DisableEncodeUrlFilter.java:42) ~[spring-security-web-5.7.6.jar:5.7.6]
	at org.springframework.web.filter.OncePerRequestFilter.doFilter(OncePerRequestFilter.java:117) ~[spring-web-5.3.25.jar:5.3.25]
	at org.springframework.security.web.FilterChainProxy$VirtualFilterChain.doFilter(FilterChainProxy.java:346) ~[spring-security-web-5.7.6.jar:5.7.6]
	at org.springframework.security.web.FilterChainProxy.doFilterInternal(FilterChainProxy.java:221) ~[spring-security-web-5.7.6.jar:5.7.6]
	at org.springframework.security.web.FilterChainProxy.doFilter(FilterChainProxy.java:186) ~[spring-security-web-5.7.6.jar:5.7.6]
	at org.springframework.web.filter.DelegatingFilterProxy.invokeDelegate(DelegatingFilterProxy.java:354) ~[spring-web-5.3.25.jar:5.3.25]
	at org.springframework.web.filter.DelegatingFilterProxy.doFilter(DelegatingFilterProxy.java:267) ~[spring-web-5.3.25.jar:5.3.25]
	at org.apache.catalina.core.ApplicationFilterChain.internalDoFilter(ApplicationFilterChain.java:189) ~[tomcat-embed-core-9.0.71.jar:9.0.71]
	at org.apache.catalina.core.ApplicationFilterChain.doFilter(ApplicationFilterChain.java:162) ~[tomcat-embed-core-9.0.71.jar:9.0.71]
	at org.springframework.web.filter.RequestContextFilter.doFilterInternal(RequestContextFilter.java:100) ~[spring-web-5.3.25.jar:5.3.25]
	at org.springframework.web.filter.OncePerRequestFilter.doFilter(OncePerRequestFilter.java:117) ~[spring-web-5.3.25.jar:5.3.25]
	at org.apache.catalina.core.ApplicationFilterChain.internalDoFilter(ApplicationFilterChain.java:189) ~[tomcat-embed-core-9.0.71.jar:9.0.71]
	at org.apache.catalina.core.ApplicationFilterChain.doFilter(ApplicationFilterChain.java:162) ~[tomcat-embed-core-9.0.71.jar:9.0.71]
	at org.springframework.web.filter.FormContentFilter.doFilterInternal(FormContentFilter.java:93) ~[spring-web-5.3.25.jar:5.3.25]
	at org.springframework.web.filter.OncePerRequestFilter.doFilter(OncePerRequestFilter.java:117) ~[spring-web-5.3.25.jar:5.3.25]
	at org.apache.catalina.core.ApplicationFilterChain.internalDoFilter(ApplicationFilterChain.java:189) ~[tomcat-embed-core-9.0.71.jar:9.0.71]
	at org.apache.catalina.core.ApplicationFilterChain.doFilter(ApplicationFilterChain.java:162) ~[tomcat-embed-core-9.0.71.jar:9.0.71]
	at org.springframework.web.filter.CharacterEncodingFilter.doFilterInternal(CharacterEncodingFilter.java:201) ~[spring-web-5.3.25.jar:5.3.25]
	at org.springframework.web.filter.OncePerRequestFilter.doFilter(OncePerRequestFilter.java:117) ~[spring-web-5.3.25.jar:5.3.25]
	at org.apache.catalina.core.ApplicationFilterChain.internalDoFilter(ApplicationFilterChain.java:189) ~[tomcat-embed-core-9.0.71.jar:9.0.71]
	at org.apache.catalina.core.ApplicationFilterChain.doFilter(ApplicationFilterChain.java:162) ~[tomcat-embed-core-9.0.71.jar:9.0.71]
	at org.apache.catalina.core.StandardWrapperValve.invoke(StandardWrapperValve.java:177) ~[tomcat-embed-core-9.0.71.jar:9.0.71]
	at org.apache.catalina.core.StandardContextValve.invoke(StandardContextValve.java:97) ~[tomcat-embed-core-9.0.71.jar:9.0.71]
	at org.apache.catalina.authenticator.AuthenticatorBase.invoke(AuthenticatorBase.java:541) ~[tomcat-embed-core-9.0.71.jar:9.0.71]
	at org.apache.catalina.core.StandardHostValve.invoke(StandardHostValve.java:135) ~[tomcat-embed-core-9.0.71.jar:9.0.71]
	at org.apache.catalina.valves.ErrorReportValve.invoke(ErrorReportValve.java:92) ~[tomcat-embed-core-9.0.71.jar:9.0.71]
	at org.apache.catalina.core.StandardEngineValve.invoke(StandardEngineValve.java:78) ~[tomcat-embed-core-9.0.71.jar:9.0.71]
	at org.apache.catalina.connector.CoyoteAdapter.service(CoyoteAdapter.java:360) ~[tomcat-embed-core-9.0.71.jar:9.0.71]
	at org.apache.coyote.http11.Http11Processor.service(Http11Processor.java:399) ~[tomcat-embed-core-9.0.71.jar:9.0.71]
	at org.apache.coyote.AbstractProcessorLight.process(AbstractProcessorLight.java:65) ~[tomcat-embed-core-9.0.71.jar:9.0.71]
	at org.apache.coyote.AbstractProtocol$ConnectionHandler.process(AbstractProtocol.java:891) ~[tomcat-embed-core-9.0.71.jar:9.0.71]
	at org.apache.tomcat.util.net.NioEndpoint$SocketProcessor.doRun(NioEndpoint.java:1784) ~[tomcat-embed-core-9.0.71.jar:9.0.71]
	at org.apache.tomcat.util.net.SocketProcessorBase.run(SocketProcessorBase.java:49) ~[tomcat-embed-core-9.0.71.jar:9.0.71]
	at org.apache.tomcat.util.threads.ThreadPoolExecutor.runWorker(ThreadPoolExecutor.java:1191) ~[tomcat-embed-core-9.0.71.jar:9.0.71]
	at org.apache.tomcat.util.threads.ThreadPoolExecutor$Worker.run(ThreadPoolExecutor.java:659) ~[tomcat-embed-core-9.0.71.jar:9.0.71]
	at org.apache.tomcat.util.threads.TaskThread$WrappingRunnable.run(TaskThread.java:61) ~[tomcat-embed-core-9.0.71.jar:9.0.71]
	at java.lang.Thread.run(Thread.java:833) ~[?:?]

2023-03-04 13:14:35.582  INFO 48729 --- [main] c.i.s.SchoolLog2Application              : Starting SchoolLog2Application using Java 17.0.4.1 on mx-darkstar with PID 48729 (/home/pedja/Documents/workspace-spring-tool-suite-4-4.16.1.RELEASE/school_log_2/target/classes started by pedja in /home/pedja/Documents/workspace-spring-tool-suite-4-4.16.1.RELEASE/school_log_2)
2023-03-04 13:14:35.590  INFO 48729 --- [main] c.i.s.SchoolLog2Application              : No active profile set, falling back to 1 default profile: "default"
2023-03-04 13:14:36.137  INFO 48729 --- [main] .s.d.r.c.RepositoryConfigurationDelegate : Bootstrapping Spring Data JPA repositories in DEFAULT mode.
2023-03-04 13:14:36.225  INFO 48729 --- [main] .s.d.r.c.RepositoryConfigurationDelegate : Finished Spring Data repository scanning in 80 ms. Found 14 JPA repository interfaces.
2023-03-04 13:14:36.718  INFO 48729 --- [main] o.s.b.w.e.t.TomcatWebServer              : Tomcat initialized with port(s): 8080 (http)
2023-03-04 13:14:36.733  INFO 48729 --- [main] o.a.c.c.StandardService                  : Starting service [Tomcat]
2023-03-04 13:14:36.734  INFO 48729 --- [main] o.a.c.c.StandardEngine                   : Starting Servlet engine: [Apache Tomcat/9.0.71]
2023-03-04 13:14:36.806  INFO 48729 --- [main] o.a.c.c.C.[.[.[/]                        : Initializing Spring embedded WebApplicationContext
2023-03-04 13:14:36.806  INFO 48729 --- [main] w.s.c.ServletWebServerApplicationContext : Root WebApplicationContext: initialization completed in 1179 ms
2023-03-04 13:14:37.203  INFO 48729 --- [main] c.z.h.HikariDataSource                   : HikariPool-1 - Starting...
2023-03-04 13:14:37.472  INFO 48729 --- [main] c.z.h.HikariDataSource                   : HikariPool-1 - Start completed.
2023-03-04 13:14:38.448  INFO 48729 --- [main] j.LocalContainerEntityManagerFactoryBean : Initialized JPA EntityManagerFactory for persistence unit 'default'
2023-03-04 13:14:39.156  WARN 48729 --- [main] .s.s.UserDetailsServiceAutoConfiguration : 

Using generated security password: c4c414cd-38fa-440a-988b-707822242cc6

This generated password is for development use only. Your security configuration must be updated before running your application in production.

2023-03-04 13:14:39.277  INFO 48729 --- [main] o.s.s.w.DefaultSecurityFilterChain       : Will secure any request with [org.springframework.security.web.session.DisableEncodeUrlFilter@4ff00844, org.springframework.security.web.context.request.async.WebAsyncManagerIntegrationFilter@20ee660b, org.springframework.security.web.context.SecurityContextPersistenceFilter@bb3487c, org.springframework.security.web.header.HeaderWriterFilter@531ed68e, org.springframework.security.web.authentication.logout.LogoutFilter@5799b8a2, com.iktpreobuka.schoollogtwo.config.JWTAuthorizationFilter@40e41f88, org.springframework.security.web.savedrequest.RequestCacheAwareFilter@7337f87e, org.springframework.security.web.servletapi.SecurityContextHolderAwareRequestFilter@77e24d3c, org.springframework.security.web.authentication.AnonymousAuthenticationFilter@27b7913, org.springframework.security.web.session.SessionManagementFilter@62818ab0, org.springframework.security.web.access.ExceptionTranslationFilter@686ace1f, org.springframework.security.web.access.intercept.FilterSecurityInterceptor@6cd8c373]
2023-03-04 13:14:39.333  WARN 48729 --- [main] JpaBaseConfiguration$JpaWebConfiguration : spring.jpa.open-in-view is enabled by default. Therefore, database queries may be performed during view rendering. Explicitly configure spring.jpa.open-in-view to disable this warning
2023-03-04 13:14:39.703  INFO 48729 --- [main] o.s.b.w.e.t.TomcatWebServer              : Tomcat started on port(s): 8080 (http) with context path ''
2023-03-04 13:14:39.713  INFO 48729 --- [main] c.i.s.SchoolLog2Application              : Started SchoolLog2Application in 4.532 seconds (JVM running for 5.425)
2023-03-04 13:14:48.404  INFO 48729 --- [http-nio-8080-exec-2] o.a.c.c.C.[.[.[/]                        : Initializing Spring DispatcherServlet 'dispatcherServlet'
2023-03-04 13:14:48.405  INFO 48729 --- [http-nio-8080-exec-2] o.s.w.s.DispatcherServlet                : Initializing Servlet 'dispatcherServlet'
2023-03-04 13:14:48.406  INFO 48729 --- [http-nio-8080-exec-2] o.s.w.s.DispatcherServlet                : Completed initialization in 1 ms
2023-03-04 13:15:07.997  INFO 48729 --- [http-nio-8080-exec-3] c.i.s.c.UserController                   : [getAllUsers] Requested by julija
2023-03-04 13:15:45.940  WARN 48729 --- [http-nio-8080-exec-6] .w.s.m.s.DefaultHandlerExceptionResolver : Resolved [org.springframework.web.HttpRequestMethodNotSupportedException: Request method 'GET' not supported]
2023-03-04 13:16:05.641  INFO 48729 --- [http-nio-8080-exec-7] c.i.s.c.ParentController                 : [allParents] Requested by julija
